<?xml version="1.0" encoding="UTF-8" ?>
<testsuite tests="2" failures="0" name="com.itheima.test.AccountTest" time="0.272" errors="1" skipped="0">
  <properties>
[...]
</properties>
  <testcase classname="com.itheima.test.AccountTest" name="testFindAll" time="0.103">
    <error message="
### Error querying database.  Cause: org.apache.ibatis.reflection.ReflectionException: Could not set property &apos;ID&apos; of &apos;class com.itheima.domain.Account&apos; with value &apos;50&apos; Cause: org.apache.ibatis.reflection.ReflectionException: There is no setter for property named &apos;ID&apos; in &apos;class com.itheima.domain.Account&apos;
### The error may exist in com/itheima/dao/IAccountDao.xml
### The error may involve com.itheima.dao.IAccountDao.findAll
### The error occurred while handling results
### SQL: select u.*,a.id,a.uid,a.money from account a,user u where u.id = a.UID;
### Cause: org.apache.ibatis.reflection.ReflectionException: Could not set property &apos;ID&apos; of &apos;class com.itheima.domain.Account&apos; with value &apos;50&apos; Cause: org.apache.ibatis.reflection.ReflectionException: There is no setter for property named &apos;ID&apos; in &apos;class com.itheima.domain.Account&apos;" type="org.apache.ibatis.exceptions.PersistenceException">org.apache.ibatis.exceptions.PersistenceException: 
### Error querying database.  Cause: org.apache.ibatis.reflection.ReflectionException: Could not set property &apos;ID&apos; of &apos;class com.itheima.domain.Account&apos; with value &apos;50&apos; Cause: org.apache.ibatis.reflection.ReflectionException: There is no setter for property named &apos;ID&apos; in &apos;class com.itheima.domain.Account&apos;
### The error may exist in com/itheima/dao/IAccountDao.xml
### The error may involve com.itheima.dao.IAccountDao.findAll
### The error occurred while handling results
### SQL: select u.*,a.id,a.uid,a.money from account a,user u where u.id = a.UID;
### Cause: org.apache.ibatis.reflection.ReflectionException: Could not set property &apos;ID&apos; of &apos;class com.itheima.domain.Account&apos; with value &apos;50&apos; Cause: org.apache.ibatis.reflection.ReflectionException: There is no setter for property named &apos;ID&apos; in &apos;class com.itheima.domain.Account&apos;
	at org.apache.ibatis.exceptions.ExceptionFactory.wrapException(ExceptionFactory.java:30)
	at org.apache.ibatis.session.defaults.DefaultSqlSession.selectList(DefaultSqlSession.java:150)
	at org.apache.ibatis.session.defaults.DefaultSqlSession.selectList(DefaultSqlSession.java:141)
	at org.apache.ibatis.binding.MapperMethod.executeForMany(MapperMethod.java:137)
	at org.apache.ibatis.binding.MapperMethod.execute(MapperMethod.java:75)
	at org.apache.ibatis.binding.MapperProxy.invoke(MapperProxy.java:59)
	at com.sun.proxy.$Proxy9.findAll(Unknown Source)
	at com.itheima.test.AccountTest.testFindAll(AccountTest.java:52)
	at java.base/jdk.internal.reflect.NativeMethodAccessorImpl.invoke0(Native Method)
	at java.base/jdk.internal.reflect.NativeMethodAccessorImpl.invoke(NativeMethodAccessorImpl.java:64)
	at java.base/jdk.internal.reflect.DelegatingMethodAccessorImpl.invoke(DelegatingMethodAccessorImpl.java:43)
	at java.base/java.lang.reflect.Method.invoke(Method.java:564)
	at org.junit.runners.model.FrameworkMethod$1.runReflectiveCall(FrameworkMethod.java:45)
	at org.junit.internal.runners.model.ReflectiveCallable.run(ReflectiveCallable.java:15)
	at org.junit.runners.model.FrameworkMethod.invokeExplosively(FrameworkMethod.java:42)
	at org.junit.internal.runners.statements.InvokeMethod.evaluate(InvokeMethod.java:20)
	at org.junit.internal.runners.statements.RunBefores.evaluate(RunBefores.java:28)
	at org.junit.internal.runners.statements.RunAfters.evaluate(RunAfters.java:30)
	at org.junit.runners.ParentRunner.runLeaf(ParentRunner.java:263)
	at org.junit.runners.BlockJUnit4ClassRunner.runChild(BlockJUnit4ClassRunner.java:68)
	at org.junit.runners.BlockJUnit4ClassRunner.runChild(BlockJUnit4ClassRunner.java:47)
	at org.junit.runners.ParentRunner$3.run(ParentRunner.java:231)
	at org.junit.runners.ParentRunner$1.schedule(ParentRunner.java:60)
	at org.junit.runners.ParentRunner.runChildren(ParentRunner.java:229)
	at org.junit.runners.ParentRunner.access$000(ParentRunner.java:50)
	at org.junit.runners.ParentRunner$2.evaluate(ParentRunner.java:222)
	at org.junit.runners.ParentRunner.run(ParentRunner.java:300)
	at org.apache.maven.surefire.junit4.JUnit4Provider.execute(JUnit4Provider.java:252)
	at org.apache.maven.surefire.junit4.JUnit4Provider.executeTestSet(JUnit4Provider.java:141)
	at org.apache.maven.surefire.junit4.JUnit4Provider.invoke(JUnit4Provider.java:112)
	at java.base/jdk.internal.reflect.NativeMethodAccessorImpl.invoke0(Native Method)
	at java.base/jdk.internal.reflect.NativeMethodAccessorImpl.invoke(NativeMethodAccessorImpl.java:64)
	at java.base/jdk.internal.reflect.DelegatingMethodAccessorImpl.invoke(DelegatingMethodAccessorImpl.java:43)
	at java.base/java.lang.reflect.Method.invoke(Method.java:564)
	at org.apache.maven.surefire.util.ReflectionUtils.invokeMethodWithArray(ReflectionUtils.java:189)
	at org.apache.maven.surefire.booter.ProviderFactory$ProviderProxy.invoke(ProviderFactory.java:165)
	at org.apache.maven.surefire.booter.ProviderFactory.invokeProvider(ProviderFactory.java:85)
	at org.apache.maven.surefire.booter.ForkedBooter.runSuitesInProcess(ForkedBooter.java:115)
	at org.apache.maven.surefire.booter.ForkedBooter.main(ForkedBooter.java:75)
Caused by: org.apache.ibatis.reflection.ReflectionException: Could not set property &apos;ID&apos; of &apos;class com.itheima.domain.Account&apos; with value &apos;50&apos; Cause: org.apache.ibatis.reflection.ReflectionException: There is no setter for property named &apos;ID&apos; in &apos;class com.itheima.domain.Account&apos;
	at org.apache.ibatis.reflection.wrapper.BeanWrapper.setBeanProperty(BeanWrapper.java:185)
	at org.apache.ibatis.reflection.wrapper.BeanWrapper.set(BeanWrapper.java:59)
	at org.apache.ibatis.reflection.MetaObject.setValue(MetaObject.java:140)
	at org.apache.ibatis.executor.resultset.DefaultResultSetHandler.applyPropertyMappings(DefaultResultSetHandler.java:450)
	at org.apache.ibatis.executor.resultset.DefaultResultSetHandler.getRowValue(DefaultResultSetHandler.java:912)
	at org.apache.ibatis.executor.resultset.DefaultResultSetHandler.handleRowValuesForNestedResultMap(DefaultResultSetHandler.java:877)
	at org.apache.ibatis.executor.resultset.DefaultResultSetHandler.handleRowValues(DefaultResultSetHandler.java:324)
	at org.apache.ibatis.executor.resultset.DefaultResultSetHandler.handleResultSet(DefaultResultSetHandler.java:299)
	at org.apache.ibatis.executor.resultset.DefaultResultSetHandler.handleResultSets(DefaultResultSetHandler.java:192)
	at org.apache.ibatis.executor.statement.PreparedStatementHandler.query(PreparedStatementHandler.java:64)
	at org.apache.ibatis.executor.statement.RoutingStatementHandler.query(RoutingStatementHandler.java:79)
	at org.apache.ibatis.executor.SimpleExecutor.doQuery(SimpleExecutor.java:63)
	at org.apache.ibatis.executor.BaseExecutor.queryFromDatabase(BaseExecutor.java:324)
	at org.apache.ibatis.executor.BaseExecutor.query(BaseExecutor.java:156)
	at org.apache.ibatis.executor.CachingExecutor.query(CachingExecutor.java:109)
	at org.apache.ibatis.executor.CachingExecutor.query(CachingExecutor.java:83)
	at org.apache.ibatis.session.defaults.DefaultSqlSession.selectList(DefaultSqlSession.java:148)
	... 37 more
Caused by: org.apache.ibatis.reflection.ReflectionException: There is no setter for property named &apos;ID&apos; in &apos;class com.itheima.domain.Account&apos;
	at org.apache.ibatis.reflection.Reflector.getSetInvoker(Reflector.java:411)
	at org.apache.ibatis.reflection.MetaClass.getSetInvoker(MetaClass.java:168)
	at org.apache.ibatis.reflection.wrapper.BeanWrapper.setBeanProperty(BeanWrapper.java:177)
	... 53 more
</error>
    <system-out>2021-01-10 08:34:18 [DEBUG]-[org.apache.ibatis.datasource.pooled.PooledDataSource] PooledDataSource forcefully closed/removed all connections.
2021-01-10 08:34:18 [DEBUG]-[org.apache.ibatis.datasource.pooled.PooledDataSource] PooledDataSource forcefully closed/removed all connections.
2021-01-10 08:34:18 [DEBUG]-[org.apache.ibatis.datasource.pooled.PooledDataSource] PooledDataSource forcefully closed/removed all connections.
2021-01-10 08:34:18 [DEBUG]-[org.apache.ibatis.datasource.pooled.PooledDataSource] PooledDataSource forcefully closed/removed all connections.
2021-01-10 08:34:18 [DEBUG]-[org.apache.ibatis.transaction.jdbc.JdbcTransaction] Opening JDBC Connection
2021-01-10 08:34:18 [DEBUG]-[org.apache.ibatis.datasource.pooled.PooledDataSource] Created connection 199657303.
2021-01-10 08:34:18 [DEBUG]-[org.apache.ibatis.transaction.jdbc.JdbcTransaction] Setting autocommit to false on JDBC Connection [com.mysql.jdbc.JDBC4Connection@be68757]
2021-01-10 08:34:18 [DEBUG]-[com.itheima.dao.IAccountDao.findAll] ==&gt;  Preparing: select u.*,a.id,a.uid,a.money from account a,user u where u.id = a.UID; 
2021-01-10 08:34:18 [DEBUG]-[com.itheima.dao.IAccountDao.findAll] ==&gt; Parameters: 
2021-01-10 08:34:18 [DEBUG]-[org.apache.ibatis.transaction.jdbc.JdbcTransaction] Resetting autocommit to true on JDBC Connection [com.mysql.jdbc.JDBC4Connection@be68757]
2021-01-10 08:34:18 [DEBUG]-[org.apache.ibatis.transaction.jdbc.JdbcTransaction] Closing JDBC Connection [com.mysql.jdbc.JDBC4Connection@be68757]
2021-01-10 08:34:18 [DEBUG]-[org.apache.ibatis.datasource.pooled.PooledDataSource] Returned connection 199657303 to pool.
</system-out>
    <system-err>Sun Jan 10 08:34:18 CST 2021 WARN: Establishing SSL connection without server&apos;s identity verification is not recommended. According to MySQL 5.5.45+, 5.6.26+ and 5.7.6+ requirements SSL connection must be established by default if explicit option isn&apos;t set. For compliance with existing applications not using SSL the verifyServerCertificate property is set to &apos;false&apos;. You need either to explicitly disable SSL by setting useSSL=false, or set useSSL=true and provide truststore for server certificate verification.
</system-err>
  </testcase>
  <testcase classname="com.itheima.test.AccountTest" name="testFindAllAccount" time="0.169"/>
</testsuite>